Determining if the pthread_create exist failed with the following output:
Change Dir: /mnt/c/Users/pondp/Documents/ROS_ee106a/a1_soccer/build/CMakeFiles/CMakeTmp

Run Build Command:"/usr/bin/make" "cmTC_d11eb/fast"
/usr/bin/make -f CMakeFiles/cmTC_d11eb.dir/build.make CMakeFiles/cmTC_d11eb.dir/build
make[1]: Entering directory '/mnt/c/Users/pondp/Documents/ROS_ee106a/a1_soccer/build/CMakeFiles/CMakeTmp'
Building C object CMakeFiles/cmTC_d11eb.dir/CheckSymbolExists.c.o
/usr/bin/cc    -o CMakeFiles/cmTC_d11eb.dir/CheckSymbolExists.c.o   -c /mnt/c/Users/pondp/Documents/ROS_ee106a/a1_soccer/build/CMakeFiles/CMakeTmp/CheckSymbolExists.c
Linking C executable cmTC_d11eb
/usr/bin/cmake -E cmake_link_script CMakeFiles/cmTC_d11eb.dir/link.txt --verbose=1
/usr/bin/cc      -rdynamic CMakeFiles/cmTC_d11eb.dir/CheckSymbolExists.c.o  -o cmTC_d11eb 
CMakeFiles/cmTC_d11eb.dir/CheckSymbolExists.c.o: In function `main':
CheckSymbolExists.c:(.text+0x1b): undefined reference to `pthread_create'
collect2: error: ld returned 1 exit status
CMakeFiles/cmTC_d11eb.dir/build.make:97: recipe for target 'cmTC_d11eb' failed
make[1]: *** [cmTC_d11eb] Error 1
make[1]: Leaving directory '/mnt/c/Users/pondp/Documents/ROS_ee106a/a1_soccer/build/CMakeFiles/CMakeTmp'
Makefile:126: recipe for target 'cmTC_d11eb/fast' failed
make: *** [cmTC_d11eb/fast] Error 2

File /mnt/c/Users/pondp/Documents/ROS_ee106a/a1_soccer/build/CMakeFiles/CMakeTmp/CheckSymbolExists.c:
/* */
#include <pthread.h>

int main(int argc, char** argv)
{
  (void)argv;
#ifndef pthread_create
  return ((int*)(&pthread_create))[argc];
#else
  (void)argc;
  return 0;
#endif
}

Determining if the function pthread_create exists in the pthreads failed with the following output:
Change Dir: /mnt/c/Users/pondp/Documents/ROS_ee106a/a1_soccer/build/CMakeFiles/CMakeTmp

Run Build Command:"/usr/bin/make" "cmTC_24a3b/fast"
/usr/bin/make -f CMakeFiles/cmTC_24a3b.dir/build.make CMakeFiles/cmTC_24a3b.dir/build
make[1]: Entering directory '/mnt/c/Users/pondp/Documents/ROS_ee106a/a1_soccer/build/CMakeFiles/CMakeTmp'
Building C object CMakeFiles/cmTC_24a3b.dir/CheckFunctionExists.c.o
/usr/bin/cc   -DCHECK_FUNCTION_EXISTS=pthread_create   -o CMakeFiles/cmTC_24a3b.dir/CheckFunctionExists.c.o   -c /usr/share/cmake-3.10/Modules/CheckFunctionExists.c
Linking C executable cmTC_24a3b
/usr/bin/cmake -E cmake_link_script CMakeFiles/cmTC_24a3b.dir/link.txt --verbose=1
/usr/bin/cc  -DCHECK_FUNCTION_EXISTS=pthread_create    -rdynamic CMakeFiles/cmTC_24a3b.dir/CheckFunctionExists.c.o  -o cmTC_24a3b -lpthreads 
/usr/bin/ld: cannot find -lpthreads
collect2: error: ld returned 1 exit status
CMakeFiles/cmTC_24a3b.dir/build.make:97: recipe for target 'cmTC_24a3b' failed
make[1]: *** [cmTC_24a3b] Error 1
make[1]: Leaving directory '/mnt/c/Users/pondp/Documents/ROS_ee106a/a1_soccer/build/CMakeFiles/CMakeTmp'
Makefile:126: recipe for target 'cmTC_24a3b/fast' failed
make: *** [cmTC_24a3b/fast] Error 2


